PullToRefresh-sample/build/outputs/logs/manifest-merger-debug-report.txt
-- Merging decision tree log ---
manifest
ADDED from src\main\AndroidManifest.xml:2:1-72:12
	package
		ADDED from src\main\AndroidManifest.xml:4:5-49
		INJECTED from src\main\AndroidManifest.xml
		INJECTED from src\main\AndroidManifest.xml
	android:versionName
		ADDED from src\main\AndroidManifest.xml:6:5-32
		INJECTED from src\main\AndroidManifest.xml
		INJECTED from src\main\AndroidManifest.xml
	xmlns:tools
		ADDED from src\main\AndroidManifest.xml:3:5-51
	android:versionCode
		ADDED from src\main\AndroidManifest.xml:5:5-31
		INJECTED from src\main\AndroidManifest.xml
		INJECTED from src\main\AndroidManifest.xml
	xmlns:android
		ADDED from src\main\AndroidManifest.xml:2:11-69
uses-sdk
ADDED from src\main\AndroidManifest.xml:8:5-11:41
MERGED from [7ifun:pullToRefreshListFragment:unspecified] AndroidManifest.xml:8:5-11:101
MERGED from [7ifun:pullToRefreshViewPager:unspecified] AndroidManifest.xml:8:5-11:200
MERGED from [com.android.support:support-v4:25.1.0] AndroidManifest.xml:21:5-23:54
MERGED from [com.android.support:support-fragment:25.1.0] AndroidManifest.xml:21:5-23:60
MERGED from [com.android.support:support-media-compat:25.1.0] AndroidManifest.xml:21:5-23:63
MERGED from [com.android.support:support-core-ui:25.1.0] AndroidManifest.xml:21:5-23:58
MERGED from [com.android.support:support-core-utils:25.1.0] AndroidManifest.xml:21:5-23:61
MERGED from [com.android.support:support-compat:25.1.0] AndroidManifest.xml:21:5-23:58
	tools:overrideLibrary
		ADDED from src\main\AndroidManifest.xml:9:9-109
	android:targetSdkVersion
		ADDED from src\main\AndroidManifest.xml:11:9-38
		INJECTED from src\main\AndroidManifest.xml
		INJECTED from src\main\AndroidManifest.xml
	android:minSdkVersion
		ADDED from src\main\AndroidManifest.xml:10:9-34
		INJECTED from src\main\AndroidManifest.xml
		INJECTED from src\main\AndroidManifest.xml
application
ADDED from src\main\AndroidManifest.xml:13:5-66:19
MERGED from [7ifun:pullToRefreshListFragment:unspecified] AndroidManifest.xml:13:5-20
MERGED from [7ifun:pullToRefreshViewPager:unspecified] AndroidManifest.xml:14:5-20
MERGED from [7ifun:PullToRefresh-library:unspecified] AndroidManifest.xml:8:5-20
MERGED from [com.android.support:support-v4:25.1.0] AndroidManifest.xml:25:5-20
MERGED from [com.android.support:support-fragment:25.1.0] AndroidManifest.xml:25:5-20
MERGED from [com.android.support:support-media-compat:25.1.0] AndroidManifest.xml:25:5-20
MERGED from [com.android.support:support-core-ui:25.1.0] AndroidManifest.xml:25:5-20
MERGED from [com.android.support:support-core-utils:25.1.0] AndroidManifest.xml:25:5-20
MERGED from [com.android.support:support-compat:25.1.0] AndroidManifest.xml:25:5-20
	android:label
		ADDED from src\main\AndroidManifest.xml:16:9-41
	android:hardwareAccelerated
		ADDED from src\main\AndroidManifest.xml:14:9-43
	android:icon
		ADDED from src\main\AndroidManifest.xml:15:9-38
activity#com.handmark.pulltorefresh.samples.LauncherActivity
ADDED from src\main\AndroidManifest.xml:17:9-25:20
	android:label
		ADDED from src\main\AndroidManifest.xml:19:13-50
	android:name
		ADDED from src\main\AndroidManifest.xml:18:13-45
intent-filter#android.intent.action.MAIN+android.intent.category.LAUNCHER
ADDED from src\main\AndroidManifest.xml:20:13-24:29
action#android.intent.action.MAIN
ADDED from src\main\AndroidManifest.xml:21:17-69
	android:name
		ADDED from src\main\AndroidManifest.xml:21:25-66
category#android.intent.category.LAUNCHER
ADDED from src\main\AndroidManifest.xml:23:17-77
	android:name
		ADDED from src\main\AndroidManifest.xml:23:27-74
activity#com.handmark.pulltorefresh.samples.PullToRefreshListActivity
ADDED from src\main\AndroidManifest.xml:26:9-29:20
	android:label
		ADDED from src\main\AndroidManifest.xml:28:13-41
	android:name
		ADDED from src\main\AndroidManifest.xml:27:13-54
activity#com.handmark.pulltorefresh.samples.PullToRefreshListFragmentActivity
ADDED from src\main\AndroidManifest.xml:30:9-33:20
	android:label
		ADDED from src\main\AndroidManifest.xml:32:13-50
	android:name
		ADDED from src\main\AndroidManifest.xml:31:13-62
activity#com.handmark.pulltorefresh.samples.PullToRefreshListInViewPagerActivity
ADDED from src\main\AndroidManifest.xml:34:9-37:20
	android:label
		ADDED from src\main\AndroidManifest.xml:36:13-54
	android:name
		ADDED from src\main\AndroidManifest.xml:35:13-65
activity#com.handmark.pulltorefresh.samples.PullToRefreshGridActivity
ADDED from src\main\AndroidManifest.xml:38:9-41:20
	android:label
		ADDED from src\main\AndroidManifest.xml:40:13-41
	android:name
		ADDED from src\main\AndroidManifest.xml:39:13-54
activity#com.handmark.pulltorefresh.samples.PullToRefreshExpandableListActivity
ADDED from src\main\AndroidManifest.xml:42:9-45:20
	android:label
		ADDED from src\main\AndroidManifest.xml:44:13-51
	android:name
		ADDED from src\main\AndroidManifest.xml:43:13-64
activity#com.handmark.pulltorefresh.samples.PullToRefreshWebViewActivity
ADDED from src\main\AndroidManifest.xml:46:9-49:20
	android:label
		ADDED from src\main\AndroidManifest.xml:48:13-40
	android:name
		ADDED from src\main\AndroidManifest.xml:47:13-57
activity#com.handmark.pulltorefresh.samples.PullToRefreshScrollViewActivity
ADDED from src\main\AndroidManifest.xml:50:9-53:20
	android:label
		ADDED from src\main\AndroidManifest.xml:52:13-43
	android:name
		ADDED from src\main\AndroidManifest.xml:51:13-60
activity#com.handmark.pulltorefresh.samples.PullToRefreshHorizontalScrollViewActivity
ADDED from src\main\AndroidManifest.xml:54:9-57:20
	android:label
		ADDED from src\main\AndroidManifest.xml:56:13-53
	android:name
		ADDED from src\main\AndroidManifest.xml:55:13-70
activity#com.handmark.pulltorefresh.samples.PullToRefreshViewPagerActivity
ADDED from src\main\AndroidManifest.xml:58:9-61:20
	android:label
		ADDED from src\main\AndroidManifest.xml:60:13-42
	android:name
		ADDED from src\main\AndroidManifest.xml:59:13-59
activity#com.handmark.pulltorefresh.samples.PullToRefreshWebView2Activity
ADDED from src\main\AndroidManifest.xml:62:9-65:20
	android:label
		ADDED from src\main\AndroidManifest.xml:64:13-49
	android:name
		ADDED from src\main\AndroidManifest.xml:63:13-58
uses-permission#android.permission.INTERNET
ADDED from src\main\AndroidManifest.xml:69:5-67
	android:name
		ADDED from src\main\AndroidManifest.xml:69:22-64
supports-screens
ADDED from src\main\AndroidManifest.xml:71:5-51
	android:anyDensity
		ADDED from src\main\AndroidManifest.xml:71:23-48
android:uses-permission#android.permission.WRITE_EXTERNAL_STORAGE
IMPLIED from src\main\AndroidManifest.xml:2:1-72:12 reason: com.handmark.pulltorefresh.library has a targetSdkVersion < 4
android:uses-permission#android.permission.READ_PHONE_STATE
IMPLIED from src\main\AndroidManifest.xml:2:1-72:12 reason: com.handmark.pulltorefresh.library has a targetSdkVersion < 4
android:uses-permission#android.permission.READ_EXTERNAL_STORAGE
IMPLIED from src\main\AndroidManifest.xml:2:1-72:12 reason: com.handmark.pulltorefresh.library requested WRITE_EXTERNAL_STORAGE